<?xml version="1.0" encoding="UTF-8"?>
<!-- Generated by org.testng.reporters.JUnitReportReporter -->
<testsuite skipped="0" hostname="DESKTOP-2A5MDES" name="sanity.ReqResAPI" tests="4" failures="0" timestamp="2022-04-24T12:15:24 IDT" time="7.503" errors="0">
  <testcase name="Test01_VerifyUser" time="2.487" classname="sanity.ReqResAPI"/>
  <testcase name="Test02_UpdateAndVerifyUser" time="0.462" classname="sanity.ReqResAPI"/>
  <testcase name="Test02_AddAndVerifyUser" time="1.086" classname="sanity.ReqResAPI"/>
  <testcase name="Test02_DeleteAndVerifyUser" time="3.468" classname="sanity.ReqResAPI"/>
</testsuite> <!-- sanity.ReqResAPI -->
